This is METAFONT, Version 2.7182818 (TeX Live 2014) (preloaded base=mf 2015.2.24)  1 SEP 2015 12:20
**\mode=localfont; \mag=1; input plot_sinh.mf
(plot_sinh.mf
(/usr/local/texlive/2014/texmf-dist/fonts/source/public/cm/cmbase.mf)
(/usr/local/texlive/2014/texmf-dist/fonts/source/public/cm/cmr10.mf)
(/usr/local/texlive/2014/texmf-dist/fonts/source/public/cm/romanu.mf
Picture of charcode no.65
Picture of charcode no.66
Picture of charcode no.67
Picture of charcode no.68
Picture of charcode no.69
Picture of charcode no.70
Picture of charcode no.71
Picture of charcode no.72
Picture of charcode no.73
Picture of charcode no.74
Picture of charcode no.75
Picture of charcode no.76
Picture of charcode no.77
Picture of charcode no.78
Picture of charcode no.79
Picture of charcode no.80
Picture of charcode no.81
Picture of charcode no.82
Picture of charcode no.83
Picture of charcode no.84
Picture of charcode no.85
Picture of charcode no.86
Picture of charcode no.87
Picture of charcode no.88
Picture of charcode no.89
Picture of charcode no.90)
(/usr/local/texlive/2014/texmf-dist/fonts/source/public/cm/romanl.mf
Picture of charcode no.97
Picture of charcode no.98
Picture of charcode no.99
Picture of charcode no.100
Picture of charcode no.101
Picture of charcode no.102
Picture of charcode no.103
Picture of charcode no.104
Picture of charcode no.105
Picture of charcode no.106
Picture of charcode no.107
Picture of charcode no.108
Picture of charcode no.109
Picture of charcode no.110
Picture of charcode no.111
Picture of charcode no.112
Picture of charcode no.113
Picture of charcode no.114
Picture of charcode no.115
Picture of charcode no.116
Picture of charcode no.117
Picture of charcode no.118
Picture of charcode no.119
Picture of charcode no.120
Picture of charcode no.121
Picture of charcode no.122)
(/usr/local/texlive/2014/texmf-dist/fonts/source/public/cm/greeku.mf
Picture of charcode no.0
Picture of charcode no.1
Picture of charcode no.2
Picture of charcode no.3
Picture of charcode no.4
Picture of charcode no.5
Picture of charcode no.6
Picture of charcode no.7
Picture of charcode no.8
Picture of charcode no.9
Picture of charcode no.10)
(/usr/local/texlive/2014/texmf-dist/fonts/source/public/cm/romand.mf
Picture of charcode no.48
Picture of charcode no.49
Picture of charcode no.50
Picture of charcode no.51
Picture of charcode no.52
Picture of charcode no.53
Picture of charcode no.54
Picture of charcode no.55
Picture of charcode no.56
Picture of charcode no.57)
(/usr/local/texlive/2014/texmf-dist/fonts/source/public/cm/romanp.mf
Picture of charcode no.36
Picture of charcode no.38
Picture of charcode no.63
Picture of charcode no.62)
(/usr/local/texlive/2014/texmf-dist/fonts/source/public/cm/romspl.mf
Picture of charcode no.16
Picture of charcode no.17
Picture of charcode no.25
Picture of charcode no.26
Picture of charcode no.27
Picture of charcode no.28)
(/usr/local/texlive/2014/texmf-dist/fonts/source/public/cm/romspu.mf
Picture of charcode no.29
Picture of charcode no.30
Picture of charcode no.31)
(/usr/local/texlive/2014/texmf-dist/fonts/source/public/cm/punct.mf
Picture of charcode no.33
Picture of charcode no.60
Picture of charcode no.35
Picture of charcode no.37
Picture of charcode no.39
Picture of charcode no.40
Picture of charcode no.41
Picture of charcode no.42
Picture of charcode no.43
Picture of charcode no.44
Picture of charcode no.46
Picture of charcode no.47
Picture of charcode no.58
Picture of charcode no.59
Picture of charcode no.61
Picture of charcode no.64
Picture of charcode no.91
Picture of charcode no.93
Picture of charcode no.96)
Picture of charcode no.45
Picture of charcode no.46 [0] ) 
Here is how much of METAFONT's memory you used:
 398 strings out of 5274
 4307 string characters out of 69945
 99274 words of memory out of 5000000
 1320 symbolic tokens out of 9500
 11i,80n,0r,29p,195b stack positions out of 300i,300n,1000r,150p,200000b
 
(You used 2w,2h,1d,1i,0l,0k,0e,0p metric file positions
  out of 256w,16h,16d,64i,15000l,2500k,256e,60p)

Font metrics written on plot_sinh.tfm.
Output written on plot_sinh.600gf (1 character, 23796 bytes).
